[2020-03-04 19:12:32] Database parameters not found![2020-03-04 19:20:09] Database parameters not found![2020-03-04 19:21:12] Database parameters not found!
[2020-03-04 19:21:32] Database parameters not found!
[2020-03-04 19:21:40] Database parameters not found!
[2020-03-04 20:49:55] {"username":"emma.rus93@gmail.com","password":"aaa"}
[2020-03-04 20:51:06] {"username":"emma.rus93@gmail.com","password":"aaa"}
[2020-03-04 20:51:46] {"username":"emma.rus93@gmail.com","password":"aaa"}
[2020-03-04 20:51:46] {"queryString":"SELECT * FROM user WHERE username=:username LIMIT 1"}
[2020-03-04 20:51:56] {"username":"emma.rus93@gmail.com","password":"aaa"}
[2020-03-04 20:51:56] {"queryString":"SELECT * FROM user WHERE username=:username LIMIT 1"}
[2020-03-04 20:53:13] {"username":"emma.rus93@gmail.com","password":"aaa"}
[2020-03-04 20:53:13] false
[2020-03-04 22:08:23] {"username":"emma.rus93@gmail.com","password":"aaa"}
[2020-03-04 22:08:23] {"id":"1","0":"1","username":"emma.rus93@gmail.com","1":"emma.rus93@gmail.com","password":"aaa","2":"aaa","type":"2","3":"2"}
[2020-03-04 22:19:33] {"username":"emma.rus93@gmail.com","password":"portocala"}
[2020-03-04 22:20:01] {"username":"emma.rus93@gmail.com","password":"portocala"}
[2020-03-04 22:20:01] {"queryString":"SELECT * FROM user WHERE username=:username LIMIT 1"}
[2020-03-04 22:29:34] {"username":"emma.rus93@gmail.com","password":"portocala"}
[2020-03-04 22:39:28] {"username":"emma.rus93@yahoo.com","password":"portocala"}
[2020-03-04 22:43:42] {"username":"emma.rus93@yahoo.com","password":"portocala"}
[2020-03-04 22:45:32] {"username":"emma.rus93@yahoo.com","password":"portocala"}
[2020-03-04 22:46:48] {"username":"emma.rus93@yahoo.com","password":"portocala"}
[2020-03-04 22:48:18] {"username":"emma.rus93@gmail.com","password":"portocala"}
[2020-03-04 23:02:23] {"username":"emma.rus93@gmail.com","password":"portocala"}
[2020-03-05 00:22:02] {"username":"emma.rus93@yahoo.com","password":"portocala"}
[2020-03-05 00:52:38] {"username":"emma.rus93@yahoo.com","password":"portocala"}
[2020-03-05 20:51:37] {"username":"emma.rus93@gmail.com","password":"portocala"}
[2020-03-05 20:52:21] {"username":"emma.rus93@gmail.com","password":"portocala"}
[2020-03-05 20:56:19] {"username":"emma.rus93@gmail.com","password":"portocala"}
[2020-03-05 20:56:27] {"username":"emma.rus93@gmail.com","password":"portocala"}
[2020-03-05 22:32:30] 5e616fee4c76a
[2020-03-05 22:33:14] 5e61701abc3e6
[2020-03-05 22:34:01] 5e617049a8544
[2020-03-05 22:34:02] 5e61704ac90f4
[2020-03-05 22:35:13] 5e617091cbc0f
[2020-03-05 22:36:46] 5e6170ee40d71
[2020-03-05 22:39:03] 5e617177987a0
[2020-03-05 22:43:42] 5e61728ecd43f
[2020-03-06 00:10:07] Array
[2020-03-06 00:14:35] "{\"id\":\"5\",\"username\":\"bungardeanpaul09@gmail.com\",\"access_right_id\":[\"1\",\"3\",null],\"access_right\":[\"changePassword\",\"manageUsers\",null],\"\":{\"id\":\"5\",\"username\":\"bungardeanpaul09@gmail.com\",\"access_right_id\":[\"1\",\"3\",null],\"access_right\":[\"changePassword\",\"manageUsers\",null],\"\":{\"id\":\"2\",\"username\":\"emma.rus93@yahoo.com\",\"access_right_id\":[\"1\",\"3\"],\"access_right\":[\"changePassword\",\"manageUsers\"],\"\":{\"id\":\"2\",\"username\":\"emma.rus93@yahoo.com\",\"access_right_id\":[\"1\"],\"access_right\":[\"changePassword\"]}}}}"
[2020-03-06 00:16:11] "{\"id\":\"5\",\"username\":\"bungardeanpaul09@gmail.com\",\"access_right_id\":[\"1\",\"3\",null],\"access_right\":[\"changePassword\",\"manageUsers\",null],\"\":{\"id\":\"5\",\"username\":\"bungardeanpaul09@gmail.com\",\"access_right_id\":[\"1\",\"3\",null],\"access_right\":[\"changePassword\",\"manageUsers\",null],\"\":{\"id\":\"2\",\"username\":\"emma.rus93@yahoo.com\",\"access_right_id\":[\"1\",\"3\"],\"access_right\":[\"changePassword\",\"manageUsers\"],\"\":{\"id\":\"2\",\"username\":\"emma.rus93@yahoo.com\",\"access_right_id\":[\"1\"],\"access_right\":[\"changePassword\"]}}}}"
[2020-03-06 00:16:58] "{\"id\":\"5\",\"username\":\"bungardeanpaul09@gmail.com\",\"access_right_id\":[\"1\",\"3\",null],\"access_right\":[\"changePassword\",\"manageUsers\",null],\"\":{\"id\":\"5\",\"username\":\"bungardeanpaul09@gmail.com\",\"access_right_id\":[\"1\",\"3\",null],\"access_right\":[\"changePassword\",\"manageUsers\",null],\"\":{\"id\":\"2\",\"username\":\"emma.rus93@yahoo.com\",\"access_right_id\":[\"1\",\"3\"],\"access_right\":[\"changePassword\",\"manageUsers\"],\"\":{\"id\":\"2\",\"username\":\"emma.rus93@yahoo.com\",\"access_right_id\":[\"1\"],\"access_right\":[\"changePassword\"]}}}}"
[2020-03-06 00:17:46] "{\"id\":\"5\",\"username\":\"bungardeanpaul09@gmail.com\",\"access_right_id\":[\"1\",\"3\",null],\"access_right\":[\"changePassword\",\"manageUsers\",null],\"2\":{\"id\":\"2\",\"username\":\"emma.rus93@yahoo.com\",\"access_right_id\":[\"1\",\"3\"],\"access_right\":[\"changePassword\",\"manageUsers\"],\"2\":{\"id\":\"2\",\"username\":\"emma.rus93@yahoo.com\",\"access_right_id\":[\"1\"],\"access_right\":[\"changePassword\"]}},\"5\":{\"id\":\"5\",\"username\":\"bungardeanpaul09@gmail.com\",\"access_right_id\":[\"1\",\"3\",null],\"access_right\":[\"changePassword\",\"manageUsers\",null],\"2\":{\"id\":\"2\",\"username\":\"emma.rus93@yahoo.com\",\"access_right_id\":[\"1\",\"3\"],\"access_right\":[\"changePassword\",\"manageUsers\"],\"2\":{\"id\":\"2\",\"username\":\"emma.rus93@yahoo.com\",\"access_right_id\":[\"1\"],\"access_right\":[\"changePassword\"]}}}}"
[2020-03-06 00:20:03] "{\"id\":\"5\",\"username\":\"bungardeanpaul09@gmail.com\",\"access_right_id\":[\"1\",\"3\",null],\"access_right\":[\"changePassword\",\"manageUsers\",null],\"2\":{\"id\":\"2\",\"username\":\"emma.rus93@yahoo.com\",\"access_right_id\":[\"1\",\"3\"],\"access_right\":[\"changePassword\",\"manageUsers\"],\"2\":{\"id\":\"2\",\"username\":\"emma.rus93@yahoo.com\",\"access_right_id\":[\"1\"],\"access_right\":[\"changePassword\"]}},\"5\":{\"id\":\"5\",\"username\":\"bungardeanpaul09@gmail.com\",\"access_right_id\":[\"1\",\"3\",null],\"access_right\":[\"changePassword\",\"manageUsers\",null],\"2\":{\"id\":\"2\",\"username\":\"emma.rus93@yahoo.com\",\"access_right_id\":[\"1\",\"3\"],\"access_right\":[\"changePassword\",\"manageUsers\"],\"2\":{\"id\":\"2\",\"username\":\"emma.rus93@yahoo.com\",\"access_right_id\":[\"1\"],\"access_right\":[\"changePassword\"]}}}}"
[2020-03-06 00:20:50] "{\"user_id\":\"5\",\"username\":\"bungardeanpaul09@gmail.com\",\"access_right_id\":[\"1\",\"3\",null],\"access_right\":[\"changePassword\",\"manageUsers\",null],\"2\":{\"user_id\":\"2\",\"username\":\"emma.rus93@yahoo.com\",\"access_right_id\":[\"1\",\"3\"],\"access_right\":[\"changePassword\",\"manageUsers\"],\"2\":{\"user_id\":\"2\",\"username\":\"emma.rus93@yahoo.com\",\"access_right_id\":[\"1\"],\"access_right\":[\"changePassword\"]}},\"5\":{\"user_id\":\"5\",\"username\":\"bungardeanpaul09@gmail.com\",\"access_right_id\":[\"1\",\"3\",null],\"access_right\":[\"changePassword\",\"manageUsers\",null],\"2\":{\"user_id\":\"2\",\"username\":\"emma.rus93@yahoo.com\",\"access_right_id\":[\"1\",\"3\"],\"access_right\":[\"changePassword\",\"manageUsers\"],\"2\":{\"user_id\":\"2\",\"username\":\"emma.rus93@yahoo.com\",\"access_right_id\":[\"1\"],\"access_right\":[\"changePassword\"]}}}}"
[2020-03-06 00:21:24] "{\"user_id\":\"5\",\"username\":\"bungardeanpaul09@gmail.com\",\"access_right_id\":[\"1\",\"3\",null],\"access_right\":[\"changePassword\",\"manageUsers\",null],\"2\":{\"user_id\":\"2\",\"username\":\"emma.rus93@yahoo.com\",\"access_right_id\":[\"1\",\"3\"],\"access_right\":[\"changePassword\",\"manageUsers\"],\"2\":{\"user_id\":\"2\",\"username\":\"emma.rus93@yahoo.com\",\"access_right_id\":[\"1\"],\"access_right\":[\"changePassword\"]}},\"5\":{\"user_id\":\"5\",\"username\":\"bungardeanpaul09@gmail.com\",\"access_right_id\":[\"1\",\"3\",null],\"access_right\":[\"changePassword\",\"manageUsers\",null],\"2\":{\"user_id\":\"2\",\"username\":\"emma.rus93@yahoo.com\",\"access_right_id\":[\"1\",\"3\"],\"access_right\":[\"changePassword\",\"manageUsers\"],\"2\":{\"user_id\":\"2\",\"username\":\"emma.rus93@yahoo.com\",\"access_right_id\":[\"1\"],\"access_right\":[\"changePassword\"]}}}}"
[2020-03-06 00:21:53] "{\"user_id\":\"5\",\"username\":\"bungardeanpaul09@gmail.com\",\"access_right_id\":[\"1\",\"3\",null],\"access_right\":[\"changePassword\",\"manageUsers\",null],\"2\":{\"user_id\":\"2\",\"username\":\"emma.rus93@yahoo.com\",\"access_right_id\":[\"1\",\"3\"],\"access_right\":[\"changePassword\",\"manageUsers\"],\"2\":{\"user_id\":\"2\",\"username\":\"emma.rus93@yahoo.com\",\"access_right_id\":[\"1\"],\"access_right\":[\"changePassword\"]}},\"5\":{\"user_id\":\"5\",\"username\":\"bungardeanpaul09@gmail.com\",\"access_right_id\":[\"1\",\"3\",null],\"access_right\":[\"changePassword\",\"manageUsers\",null],\"2\":{\"user_id\":\"2\",\"username\":\"emma.rus93@yahoo.com\",\"access_right_id\":[\"1\",\"3\"],\"access_right\":[\"changePassword\",\"manageUsers\"],\"2\":{\"user_id\":\"2\",\"username\":\"emma.rus93@yahoo.com\",\"access_right_id\":[\"1\"],\"access_right\":[\"changePassword\"]}}}}"
[2020-03-06 00:23:26] "{\"user_id\":\"5\",\"username\":\"bungardeanpaul09@gmail.com\",\"access_right_id\":{\"1\":\"changePassword\",\"3\":\"manageUsers\",\"\":null},\"2\":{\"user_id\":\"2\",\"username\":\"emma.rus93@yahoo.com\",\"access_right_id\":{\"1\":\"changePassword\",\"3\":\"manageUsers\"},\"2\":{\"user_id\":\"2\",\"username\":\"emma.rus93@yahoo.com\",\"access_right_id\":{\"1\":\"changePassword\"}}},\"5\":{\"user_id\":\"5\",\"username\":\"bungardeanpaul09@gmail.com\",\"access_right_id\":{\"1\":\"changePassword\",\"3\":\"manageUsers\",\"\":null},\"2\":{\"user_id\":\"2\",\"username\":\"emma.rus93@yahoo.com\",\"access_right_id\":{\"1\":\"changePassword\",\"3\":\"manageUsers\"},\"2\":{\"user_id\":\"2\",\"username\":\"emma.rus93@yahoo.com\",\"access_right_id\":{\"1\":\"changePassword\"}}}}}"
[2020-03-06 00:28:02] 
[2020-03-06 00:41:09] 1
[2020-03-06 00:41:09] 1
[2020-03-06 00:41:09] 1
[2020-03-06 00:42:07] {"username":"emma.rus93@yahoo.com"}
[2020-03-06 00:42:07] {"username":"emma.rus93@yahoo.com","2":{"username":"emma.rus93@yahoo.com"}}
[2020-03-06 00:42:07] {"username":"bungardeanpaul09@gmail.com","2":{"username":"emma.rus93@yahoo.com","2":{"username":"emma.rus93@yahoo.com"}}}
[2020-03-06 02:01:04] []
[2020-03-06 02:01:04] []
[2020-03-06 02:01:04] []
[2020-03-06 02:07:49] []
[2020-03-06 02:07:49] []
[2020-03-06 02:07:49] []
[2020-03-06 02:19:51] "5e61a537ae3b7"
[2020-03-06 02:21:30] "5e61a59a0307b"
[2020-03-06 02:25:02] "5e61a66eb9c49"
[2020-03-06 02:25:34] []
[2020-03-06 02:25:34] []
[2020-03-06 02:25:34] []
[2020-03-06 02:26:21] []
[2020-03-06 02:26:21] []
[2020-03-06 02:26:21] []
[2020-03-06 02:27:10] []
[2020-03-06 02:27:10] []
[2020-03-06 02:27:10] []
[2020-03-06 02:27:37] []
[2020-03-06 02:27:37] []
[2020-03-06 02:27:37] []
[2020-03-06 02:29:40] []
[2020-03-06 02:29:40] []
[2020-03-06 02:29:40] []
[2020-03-06 02:30:10] []
[2020-03-06 02:30:10] []
[2020-03-06 02:30:10] []
[2020-03-06 02:37:36] []
[2020-03-06 02:37:36] []
[2020-03-06 02:37:36] []
[2020-03-06 02:37:39] []
[2020-03-06 02:37:39] []
[2020-03-06 02:37:39] []
[2020-03-06 02:37:43] []
[2020-03-06 02:37:43] []
[2020-03-06 02:37:43] []
[2020-03-06 02:40:45] []
[2020-03-06 02:40:45] []
[2020-03-06 02:40:45] []
[2020-03-06 02:41:21] []
[2020-03-06 02:41:21] []
[2020-03-06 02:41:21] []
[2020-03-06 02:41:24] []
[2020-03-06 02:41:24] []
[2020-03-06 02:41:24] []
[2020-03-06 02:41:56] []
[2020-03-06 02:41:56] []
[2020-03-06 02:41:56] []
[2020-03-06 02:42:23] []
[2020-03-06 02:42:23] []
[2020-03-06 02:42:23] []
[2020-03-06 02:43:02] []
[2020-03-06 02:43:02] []
[2020-03-06 02:43:02] []
[2020-03-06 02:43:15] []
[2020-03-06 02:43:15] []
[2020-03-06 02:43:15] []
[2020-03-06 02:45:37] "5e61ab41207bd"
[2020-03-06 02:50:12] "5e61ac544456f"
[2020-03-06 03:14:54] "5e61b21e93571"
[2020-03-06 03:15:09] "5e61b22d634cf"
[2020-03-06 03:15:22] []
[2020-03-06 03:15:22] []
[2020-03-06 03:15:22] []
[2020-03-06 03:18:04] [{"id":"1","0":"1","name":"changePassword","1":"changePassword"},{"id":"3","0":"3","name":"manageUsers","1":"manageUsers"}]
[2020-03-06 03:18:04] [{"id":"1","0":"1","name":"changePassword","1":"changePassword"},{"id":"3","0":"3","name":"manageUsers","1":"manageUsers"}]
[2020-03-06 03:18:04] [{"id":"1","0":"1","name":"changePassword","1":"changePassword"},{"id":"3","0":"3","name":"manageUsers","1":"manageUsers"}]
[2020-03-06 03:24:49] [{"id":"1","0":"1","name":"changePassword","1":"changePassword"},{"id":"3","0":"3","name":"manageUsers","1":"manageUsers"}]
[2020-03-06 03:24:49] [{"id":"1","0":"1","name":"changePassword","1":"changePassword"},{"id":"3","0":"3","name":"manageUsers","1":"manageUsers"}]
[2020-03-06 03:24:49] [{"id":"1","0":"1","name":"changePassword","1":"changePassword"},{"id":"3","0":"3","name":"manageUsers","1":"manageUsers"}]
[2020-03-06 03:25:33] [{"id":"1","0":"1","name":"changePassword","1":"changePassword"},{"id":"3","0":"3","name":"manageUsers","1":"manageUsers"}]
[2020-03-06 03:25:33] [{"id":"1","0":"1","name":"changePassword","1":"changePassword"},{"id":"3","0":"3","name":"manageUsers","1":"manageUsers"}]
[2020-03-06 03:25:33] [{"id":"1","0":"1","name":"changePassword","1":"changePassword"},{"id":"3","0":"3","name":"manageUsers","1":"manageUsers"}]
[2020-03-06 03:32:54] {"id":"1","name":"changePassword"}
[2020-03-06 03:32:54] {"id":"1","name":"changePassword"}
[2020-03-06 03:32:54] {"id":"1","name":"changePassword"}
[2020-03-06 03:33:20] [{"id":"1","name":"changePassword"},{"id":"3","name":"manageUsers"}]
[2020-03-06 03:33:20] [{"id":"1","name":"changePassword"},{"id":"3","name":"manageUsers"}]
[2020-03-06 03:33:20] [{"id":"1","name":"changePassword"},{"id":"3","name":"manageUsers"}]
[2020-03-06 03:34:48] [{"id":"1","name":"changePassword"},{"id":"3","name":"manageUsers"}]
[2020-03-06 03:34:48] [{"id":"1","name":"changePassword"},{"id":"3","name":"manageUsers"}]
[2020-03-06 03:34:48] [{"id":"1","name":"changePassword"},{"id":"3","name":"manageUsers"}]
[2020-03-06 03:37:52] [{"id":"1","name":"changePassword"},{"id":"3","name":"manageUsers"}]
[2020-03-06 03:37:52] [{"id":"1","name":"changePassword"},{"id":"3","name":"manageUsers"}]
[2020-03-06 03:37:52] [{"id":"1","name":"changePassword"},{"id":"3","name":"manageUsers"}]
[2020-03-06 03:37:52] {"1":{"user_id":"1","username":"emma.rus93@gmail.com","role":"admin","access_rights":{"":null}},"2":{"user_id":"2","username":"emma.rus93@yahoo.com","role":"user","access_rights":{"":null}},"5":{"user_id":"5","username":"bungardeanpaul09@gmail.com","role":"user","access_rights":{"":null}}}
[2020-03-06 14:22:41] [{"id":"1","name":"changePassword"},{"id":"3","name":"manageUsers"}]
[2020-03-06 14:22:41] [{"id":"1","name":"changePassword"},{"id":"3","name":"manageUsers"}]
[2020-03-06 14:22:41] [{"id":"1","name":"changePassword"},{"id":"3","name":"manageUsers"}]
[2020-03-06 14:22:41] {"1":{"user_id":"1","username":"emma.rus93@gmail.com","role":"admin","access_rights":{"":null}},"2":{"user_id":"2","username":"emma.rus93@yahoo.com","role":"user","access_rights":{"":null}},"5":{"user_id":"5","username":"bungardeanpaul09@gmail.com","role":"user","access_rights":{"":null}}}
[2020-03-06 14:49:45] "5e6254f95c042"
[2020-03-06 14:52:31] "5e62559f9f676"
[2020-03-06 14:53:15] "5e6255cbe0ea9"
[2020-03-06 15:04:34] "5e6258722da64"
[2020-03-06 15:14:44] "5e625ad42f27f"
[2020-03-06 15:16:54] {"id":"1","0":"1","role_id":"2","1":"2"}
[2020-03-06 15:16:54] "5e625b56d69ae"
[2020-03-06 15:18:42] {"id":"1","role_id":"2"}
[2020-03-06 15:18:42] "5e625bc25ae8e"
[2020-03-06 15:20:01] "5e625c1190c42"
[2020-03-06 22:01:16] null
[2020-03-06 22:01:16] null
[2020-03-06 22:01:16] null
[2020-03-06 22:01:16] {"1":{"user_id":"1","username":"emma.rus93@gmail.com","role":"admin"},"2":{"user_id":"2","username":"emma.rus93@yahoo.com","role":"user"},"5":{"user_id":"5","username":"bungardeanpaul09@gmail.com","role":"user"}}
[2020-03-06 22:01:40] {"1":{"user_id":"1","username":"emma.rus93@gmail.com","role":"admin"},"2":{"user_id":"2","username":"emma.rus93@yahoo.com","role":"user"},"5":{"user_id":"5","username":"bungardeanpaul09@gmail.com","role":"user"}}
[2020-03-06 22:04:58] {"1":{"user_id":"1","username":"emma.rus93@gmail.com","role":"admin"},"2":{"user_id":"2","username":"emma.rus93@yahoo.com","role":"user"},"5":{"user_id":"5","username":"bungardeanpaul09@gmail.com","role":"user"}}
[2020-03-06 22:05:25] {"1":{"user_id":"1","username":"emma.rus93@gmail.com","role":"admin"},"2":{"user_id":"2","username":"emma.rus93@yahoo.com","role":"user"},"5":{"user_id":"5","username":"bungardeanpaul09@gmail.com","role":"user"}}
[2020-03-06 22:07:46] "1"
[2020-03-06 22:08:57] "1"
[2020-03-06 22:14:42] "1"
[2020-03-06 22:15:06] "1"
[2020-03-06 22:16:44] "1"
[2020-03-06 22:18:02] "1"
[2020-03-06 22:18:30] "1"
[2020-03-06 22:18:30] "INNER JOIN role_access_right rar ON rar.access_right_id=ar.id\r\n\t\t\tINNER JOIN role r ON r.id=rar.role_id  \r\n\t\t\tWHERE r.name=user"
[2020-03-06 22:20:04] "1"
[2020-03-06 22:23:04] "1"
[2020-03-06 22:27:08] "1"
[2020-03-06 22:27:08] []
[2020-03-06 22:27:08] "2"
[2020-03-06 22:27:08] []
[2020-03-06 22:27:08] "5"
[2020-03-06 22:27:08] []
[2020-03-06 22:27:08] {"1":{"user_id":"1","username":"emma.rus93@gmail.com","role":"admin"},"2":{"user_id":"2","username":"emma.rus93@yahoo.com","role":"user"},"5":{"user_id":"5","username":"bungardeanpaul09@gmail.com","role":"user"}}
[2020-03-06 22:27:51] "1"
[2020-03-06 22:27:51] []
[2020-03-06 22:27:51] "2"
[2020-03-06 22:27:51] []
[2020-03-06 22:27:51] "5"
[2020-03-06 22:27:51] []
[2020-03-06 22:27:51] {"1":{"user_id":"1","username":"emma.rus93@gmail.com","role":"admin","access_rights":{"":null}},"2":{"user_id":"2","username":"emma.rus93@yahoo.com","role":"user","access_rights":{"":null}},"5":{"user_id":"5","username":"bungardeanpaul09@gmail.com","role":"user","access_rights":{"":null}}}
[2020-03-06 22:29:04] "1"
[2020-03-06 22:29:04] []
[2020-03-06 22:29:04] "2"
[2020-03-06 22:29:04] []
[2020-03-06 22:29:04] "5"
[2020-03-06 22:29:04] []
[2020-03-06 22:29:04] {"1":{"user_id":"1","username":"emma.rus93@gmail.com","role":"admin"},"2":{"user_id":"2","username":"emma.rus93@yahoo.com","role":"user"},"5":{"user_id":"5","username":"bungardeanpaul09@gmail.com","role":"user"}}
[2020-03-06 22:30:43] []
[2020-03-06 22:30:43] []
[2020-03-06 22:30:43] []
[2020-03-06 22:31:10] "admin"
[2020-03-06 22:31:10] "user"
[2020-03-06 22:31:10] "user"
[2020-03-06 23:03:18] []
[2020-03-06 23:03:18] []
[2020-03-06 23:03:18] []
[2020-03-06 23:05:41] []
[2020-03-06 23:05:41] []
[2020-03-06 23:05:41] []
[2020-03-07 11:35:41] "5e6378fded1a9"
[2020-03-07 11:36:04] "5e637914cee30"
[2020-03-07 11:51:36] []
[2020-03-07 11:51:36] []
[2020-03-07 11:51:36] []
[2020-03-07 11:53:40] []
[2020-03-07 11:53:40] []
[2020-03-07 11:53:40] []
[2020-03-07 11:54:18] "1"
[2020-03-07 11:54:18] []
[2020-03-07 11:54:18] "1"
[2020-03-07 11:54:18] []
[2020-03-07 11:54:18] "1"
[2020-03-07 11:54:18] []
[2020-03-07 11:55:21] "SELECT ar.id as id, ar.name as name FROM access_right ar \r\n\t\tINNER JOIN app_access_right aar ON aar.access_right_id=ar.id\r\n\t\tINNER JOIN app a ON a.id=aar.app_id\r\n\t\tWHERE a.id=:app_id"
[2020-03-07 11:55:21] "1"
[2020-03-07 11:55:21] []
[2020-03-07 11:55:21] "SELECT ar.id as id, ar.name as name FROM access_right ar \r\n\t\tINNER JOIN app_access_right aar ON aar.access_right_id=ar.id\r\n\t\tINNER JOIN app a ON a.id=aar.app_id\r\n\t\tWHERE a.id=:app_id"
[2020-03-07 11:55:21] "1"
[2020-03-07 11:55:21] []
[2020-03-07 11:55:21] "SELECT ar.id as id, ar.name as name FROM access_right ar \r\n\t\tINNER JOIN app_access_right aar ON aar.access_right_id=ar.id\r\n\t\tINNER JOIN app a ON a.id=aar.app_id\r\n\t\tWHERE a.id=:app_id"
[2020-03-07 11:55:21] "1"
[2020-03-07 11:55:21] []
[2020-03-07 11:56:10] {"queryString":"SELECT ar.id as id, ar.name as name FROM access_right ar \r\n\t\tINNER JOIN app_access_right aar ON aar.access_right_id=ar.id\r\n\t\tINNER JOIN app a ON a.id=aar.app_id\r\n\t\tWHERE a.id=:app_id"}
[2020-03-07 11:56:10] "1"
[2020-03-07 11:56:10] []
[2020-03-07 11:56:10] {"queryString":"SELECT ar.id as id, ar.name as name FROM access_right ar \r\n\t\tINNER JOIN app_access_right aar ON aar.access_right_id=ar.id\r\n\t\tINNER JOIN app a ON a.id=aar.app_id\r\n\t\tWHERE a.id=:app_id"}
[2020-03-07 11:56:10] "1"
[2020-03-07 11:56:10] []
[2020-03-07 11:56:10] {"queryString":"SELECT ar.id as id, ar.name as name FROM access_right ar \r\n\t\tINNER JOIN app_access_right aar ON aar.access_right_id=ar.id\r\n\t\tINNER JOIN app a ON a.id=aar.app_id\r\n\t\tWHERE a.id=:app_id"}
[2020-03-07 11:56:10] "1"
[2020-03-07 11:56:10] []
[2020-03-07 11:57:08] {"queryString":"SELECT ar.id as id, ar.name as name FROM access_right ar INNER JOIN app_access_right aar ON aar.access_right_id=ar.id INNER JOIN app a ON a.id=aar.app_id WHERE a.id=:app_id"}
[2020-03-07 11:57:08] "1"
[2020-03-07 11:57:08] []
[2020-03-07 11:57:08] {"queryString":"SELECT ar.id as id, ar.name as name FROM access_right ar INNER JOIN app_access_right aar ON aar.access_right_id=ar.id INNER JOIN app a ON a.id=aar.app_id WHERE a.id=:app_id"}
[2020-03-07 11:57:08] "1"
[2020-03-07 11:57:08] []
[2020-03-07 11:57:08] {"queryString":"SELECT ar.id as id, ar.name as name FROM access_right ar INNER JOIN app_access_right aar ON aar.access_right_id=ar.id INNER JOIN app a ON a.id=aar.app_id WHERE a.id=:app_id"}
[2020-03-07 11:57:08] "1"
[2020-03-07 11:57:08] []
[2020-03-07 11:58:35] []
[2020-03-07 11:58:35] "1"
[2020-03-07 11:58:35] []
[2020-03-07 11:58:35] []
[2020-03-07 11:58:35] "1"
[2020-03-07 11:58:35] []
[2020-03-07 11:58:35] []
[2020-03-07 11:58:35] "1"
[2020-03-07 11:58:35] []
[2020-03-07 11:59:00] []
[2020-03-07 11:59:00] "1"
[2020-03-07 11:59:00] []
[2020-03-07 11:59:00] []
[2020-03-07 11:59:00] "1"
[2020-03-07 11:59:00] []
[2020-03-07 11:59:00] []
[2020-03-07 11:59:00] "1"
[2020-03-07 11:59:00] []
[2020-03-07 12:08:11] [{"id":"4","0":"4","name":"login","1":"login"},{"id":"1","0":"1","name":"changePassword","1":"changePassword"},{"id":"3","0":"3","name":"manageUsers","1":"manageUsers"}]
[2020-03-07 12:08:11] [{"id":"4","0":"4","name":"login","1":"login"},{"id":"1","0":"1","name":"changePassword","1":"changePassword"}]
[2020-03-07 12:08:11] [{"id":"4","0":"4","name":"login","1":"login"},{"id":"1","0":"1","name":"changePassword","1":"changePassword"}]
[2020-03-07 12:08:40] [{"id":"4","name":"login"},{"id":"1","name":"changePassword"},{"id":"3","name":"manageUsers"}]
[2020-03-07 12:08:40] [{"id":"4","name":"login"},{"id":"1","name":"changePassword"}]
[2020-03-07 12:08:40] [{"id":"4","name":"login"},{"id":"1","name":"changePassword"}]
[2020-03-07 12:09:46] [{"id":"4","name":"login"},{"id":"1","name":"changePassword"},{"id":"3","name":"manageUsers"}]
[2020-03-07 12:09:46] [{"id":"4","name":"login"},{"id":"1","name":"changePassword"}]
[2020-03-07 12:09:46] [{"id":"4","name":"login"},{"id":"1","name":"changePassword"}]
[2020-03-07 12:13:56] {"1":{"user_id":"1","username":"emma.rus93@gmail.com","access_rights":{"":null}},"2":{"user_id":"2","username":"emma.rus93@yahoo.com","access_rights":{"":null}},"5":{"user_id":"5","username":"bungardeanpaul09@gmail.com","access_rights":{"":null}}}
[2020-03-07 12:14:50] [{"id":"4","name":"login"},{"id":"1","name":"changePassword"},{"id":"3","name":"manageUsers"}]
[2020-03-07 12:16:20] [{"id":"4","name":"login"},{"id":"1","name":"changePassword"},{"id":"3","name":"manageUsers"}]
[2020-03-07 12:17:36] "0-Array"
[2020-03-07 12:18:26] {"id":"4","name":"login"}
[2020-03-07 14:21:43] "5e639fe7b0a37"
[2020-03-07 14:21:44] "5e639fe81bb7e"
[2020-03-07 14:22:32] "5e63a0180bc5b"
[2020-03-07 14:23:09] "5e63a03d50fca"
[2020-03-07 15:07:11] "5e63aa8f45d91"
[2020-03-07 15:07:39] "5e63aaab2297b"
[2020-03-07 15:16:17] "5e63acb111afa"
[2020-03-07 15:16:52] "5e63acd44a2ad"
[2020-03-07 17:00:25] null
[2020-03-07 17:00:25] []
[2020-03-07 17:00:25] null
[2020-03-07 17:00:25] []
[2020-03-07 17:01:06] null
[2020-03-07 17:01:06] []
[2020-03-07 17:01:59] null
[2020-03-07 17:01:59] []
[2020-03-07 17:02:44] null
[2020-03-07 17:02:44] []
[2020-03-07 17:03:18] null
[2020-03-07 17:03:18] null
[2020-03-07 17:03:18] []
[2020-03-07 17:03:20] null
[2020-03-07 17:03:20] null
[2020-03-07 17:03:20] []
[2020-03-07 17:04:16] {"user_id":"1","user_access_rights":"[&#34;1&#34;,&#34;3&#34;]"}
[2020-03-07 17:04:16] "[&#34;1&#34;,&#34;3&#34;]"
[2020-03-07 17:04:16] []
[2020-03-07 17:06:33] null
[2020-03-07 17:06:33] []
[2020-03-07 17:13:23] ["1","3"]
[2020-03-07 17:13:23] []
[2020-03-07 19:22:14] []
[2020-03-07 19:22:40] "aaa"
[2020-03-07 19:23:11] "aaa"
[2020-03-07 19:23:41] "aaa"
[2020-03-07 19:24:02] []
[2020-03-07 19:25:02] []
[2020-03-07 19:25:26] null
[2020-03-07 19:25:54] []
[2020-03-07 19:27:32] ["apps"]
[2020-03-07 19:30:39] "aa"
[2020-03-07 19:30:39] [{"app_id":"1","app_name":"asmapp"}]
[2020-03-07 19:42:42] [{"app_id":"2","app_name":"app2"},{"app_id":"1","app_name":"asmapp"}]
[2020-03-07 19:43:47] [{"app_id":"2","app_name":"app2","role_id":null,"role_name":null},{"app_id":"1","app_name":"asmapp","role_id":null,"role_name":null}]
[2020-03-07 20:03:58] "1"
[2020-03-07 20:06:45] [{"id":"1","role_id":"2"}]
[2020-03-07 20:08:00] {"user_id":null,"session_id":"5e63f110b24b0","user_rights":[]}
[2020-03-07 20:08:36] {"user_id":"1","session_id":"5e63f1340a859","user_rights":["changePassword","manageUsers","addUser"]}
[2020-03-07 20:10:04] {"user_id":"1","session_id":"5e63f18c28ec9","user_rights":["changePassword","manageUsers","addUser"]}
[2020-03-07 20:10:06] [{"app_id":"2","app_name":"app2","role_id":null,"role_name":null},{"app_id":"1","app_name":"asmapp","role_id":null,"role_name":null}]
[2020-03-08 08:44:27] [{"app_id":"2","app_name":"app2"},{"app_id":"1","app_name":"asmapp"}]
[2020-03-08 08:46:12] [{"app_id":"2","app_name":"app2"},{"app_id":"1","app_name":"asmapp"}]
[2020-03-08 08:53:46] [{"app_id":"2","app_name":"app2"},{"app_id":"1","app_name":"asmapp"}]
[2020-03-08 08:57:55] [{"app_id":"2","app_name":"app2"},{"app_id":"1","app_name":"asmapp"}]
[2020-03-08 08:58:53] [{"app_id":"2","app_name":"app2"},{"app_id":"1","app_name":"asmapp"}]
[2020-03-08 08:59:10] [{"app_id":"2","app_name":"app2"},{"app_id":"1","app_name":"asmapp"}]
[2020-03-08 08:59:23] [{"app_id":"2","app_name":"app2"},{"app_id":"1","app_name":"asmapp"}]
[2020-03-08 09:00:03] [{"app_id":"2","app_name":"app2"},{"app_id":"1","app_name":"asmapp"}]
[2020-03-08 09:00:54] [{"app_id":"2","app_name":"app2"},{"app_id":"1","app_name":"asmapp"}]
[2020-03-08 09:06:50] [{"app_id":"2","app_name":"app2"},{"app_id":"1","app_name":"asmapp"}]
[2020-03-08 09:07:27] [{"app_id":"2","app_name":"app2"},{"app_id":"1","app_name":"asmapp"}]
[2020-03-08 09:07:54] [{"app_id":"2","app_name":"app2"},{"app_id":"1","app_name":"asmapp"}]
[2020-03-08 09:09:12] [{"app_id":"2","app_name":"app2"},{"app_id":"1","app_name":"asmapp"}]
[2020-03-08 09:09:54] [{"app_id":"2","app_name":"app2"},{"app_id":"1","app_name":"asmapp"}]
[2020-03-08 09:11:33] [{"app_id":"2","app_name":"app2"},{"app_id":"1","app_name":"asmapp"}]
[2020-03-08 09:12:26] [{"app_id":"2","app_name":"app2"},{"app_id":"1","app_name":"asmapp"}]
[2020-03-08 09:16:44] [{"app_id":"2","app_name":"app2"},{"app_id":"1","app_name":"asmapp"}]
[2020-03-08 09:17:24] [{"app_id":"2","app_name":"app2"},{"app_id":"1","app_name":"asmapp"}]
[2020-03-08 09:18:32] [{"app_id":"2","app_name":"app2"},{"app_id":"1","app_name":"asmapp"}]
[2020-03-08 09:25:26] [{"app_id":"2","app_name":"app2"},{"app_id":"1","app_name":"asmapp"}]
[2020-03-08 09:27:44] [{"app_id":"2","app_name":"app2"},{"app_id":"1","app_name":"asmapp"}]
[2020-03-08 09:28:02] [{"app_id":"2","app_name":"app2"},{"app_id":"1","app_name":"asmapp"}]
[2020-03-08 09:32:09] [{"app_id":"2","app_name":"app2"},{"app_id":"1","app_name":"asmapp"}]
[2020-03-08 09:34:15] [{"app_id":"2","app_name":"app2"},{"app_id":"1","app_name":"asmapp"}]
[2020-03-08 09:35:21] [{"app_id":"2","app_name":"app2"},{"app_id":"1","app_name":"asmapp"}]
[2020-03-08 09:35:48] [{"app_id":"2","app_name":"app2"},{"app_id":"1","app_name":"asmapp"}]
[2020-03-08 09:36:55] [{"app_id":"2","app_name":"app2"},{"app_id":"1","app_name":"asmapp"}]
[2020-03-08 09:38:54] [{"app_id":"2","app_name":"app2"},{"app_id":"1","app_name":"asmapp"}]
[2020-03-08 09:39:13] [{"app_id":"2","app_name":"app2"},{"app_id":"1","app_name":"asmapp"}]
[2020-03-08 09:43:01] [{"app_id":"2","app_name":"app2"},{"app_id":"1","app_name":"asmapp"}]
[2020-03-08 09:45:06] [{"app_id":"2","app_name":"app2"},{"app_id":"1","app_name":"asmapp"}]
[2020-03-08 09:45:39] [{"app_id":"2","app_name":"app2"},{"app_id":"1","app_name":"asmapp"}]
[2020-03-08 09:49:32] [{"app_id":"2","app_name":"app2"},{"app_id":"1","app_name":"asmapp"}]
[2020-03-08 09:49:51] [{"app_id":"2","app_name":"app2"},{"app_id":"1","app_name":"asmapp"}]
[2020-03-08 09:58:30] [{"app_id":"2","app_name":"app2"},{"app_id":"1","app_name":"asmapp"}]
[2020-03-08 10:00:09] [{"app_id":"2","app_name":"app2"},{"app_id":"1","app_name":"asmapp"}]
[2020-03-08 10:00:30] [{"app_id":"2","app_name":"app2"},{"app_id":"1","app_name":"asmapp"}]
[2020-03-08 10:03:03] [{"app_id":"2","app_name":"app2"},{"app_id":"1","app_name":"asmapp"}]
[2020-03-08 10:27:05] [{"app_id":"2","app_name":"app2"},{"app_id":"1","app_name":"asmapp"}]
[2020-03-08 10:31:17] [{"app_id":"2","app_name":"app2"},{"app_id":"1","app_name":"asmapp"}]
[2020-03-08 10:31:23] [{"app_id":"2","app_name":"app2"},{"app_id":"1","app_name":"asmapp"}]
[2020-03-08 10:32:19] [{"app_id":"2","app_name":"app2"},{"app_id":"1","app_name":"asmapp"}]
[2020-03-08 10:32:21] [{"app_id":"2","app_name":"app2"},{"app_id":"1","app_name":"asmapp"}]
[2020-03-08 10:32:53] [{"app_id":"2","app_name":"app2"},{"app_id":"1","app_name":"asmapp"}]
[2020-03-08 10:33:22] [{"app_id":"2","app_name":"app2"},{"app_id":"1","app_name":"asmapp"}]
[2020-03-08 10:37:43] [{"app_id":"2","app_name":"app2"},{"app_id":"1","app_name":"asmapp"}]
[2020-03-08 10:37:48] [{"app_id":"2","app_name":"app2"},{"app_id":"1","app_name":"asmapp"}]
[2020-03-08 10:38:09] [{"app_id":"2","app_name":"app2"},{"app_id":"1","app_name":"asmapp"}]
[2020-03-08 10:39:17] [{"app_id":"2","app_name":"app2"},{"app_id":"1","app_name":"asmapp"}]
[2020-03-08 10:40:33] [{"app_id":"2","app_name":"app2"},{"app_id":"1","app_name":"asmapp"}]
[2020-03-08 10:41:35] [{"app_id":"2","app_name":"app2"},{"app_id":"1","app_name":"asmapp"}]
[2020-03-08 10:41:56] [{"app_id":"2","app_name":"app2"},{"app_id":"1","app_name":"asmapp"}]
[2020-03-08 10:45:02] [{"app_id":"2","app_name":"app2"},{"app_id":"1","app_name":"asmapp"}]
[2020-03-08 10:48:01] [{"app_id":"2","app_name":"app2"},{"app_id":"1","app_name":"asmapp"}]
[2020-03-08 10:48:35] [{"app_id":"2","app_name":"app2"},{"app_id":"1","app_name":"asmapp"}]
[2020-03-08 10:48:53] [{"app_id":"2","app_name":"app2"},{"app_id":"1","app_name":"asmapp"}]
[2020-03-08 10:49:44] [{"app_id":"2","app_name":"app2"},{"app_id":"1","app_name":"asmapp"}]
[2020-03-08 10:50:02] [{"app_id":"2","app_name":"app2"},{"app_id":"1","app_name":"asmapp"}]
[2020-03-08 10:50:26] [{"app_id":"2","app_name":"app2"},{"app_id":"1","app_name":"asmapp"}]
[2020-03-08 10:51:26] [{"app_id":"2","app_name":"app2"},{"app_id":"1","app_name":"asmapp"}]
[2020-03-08 10:51:54] [{"app_id":"2","app_name":"app2"},{"app_id":"1","app_name":"asmapp"}]
[2020-03-08 10:52:07] [{"app_id":"2","app_name":"app2"},{"app_id":"1","app_name":"asmapp"}]
[2020-03-08 10:52:33] [{"app_id":"2","app_name":"app2"},{"app_id":"1","app_name":"asmapp"}]
[2020-03-08 10:52:48] [{"app_id":"2","app_name":"app2"},{"app_id":"1","app_name":"asmapp"}]
[2020-03-08 10:53:56] [{"app_id":"2","app_name":"app2"},{"app_id":"1","app_name":"asmapp"}]
[2020-03-08 11:01:34] [{"app_id":"2","app_name":"app2"},{"app_id":"1","app_name":"asmapp"}]
[2020-03-08 11:01:59] [{"app_id":"2","app_name":"app2"},{"app_id":"1","app_name":"asmapp"}]
[2020-03-08 11:02:20] [{"app_id":"2","app_name":"app2"},{"app_id":"1","app_name":"asmapp"}]
[2020-03-08 11:08:37] [{"app_id":"2","app_name":"app2"},{"app_id":"1","app_name":"asmapp"}]
[2020-03-08 11:17:32] [{"app_id":"2","app_name":"app2"},{"app_id":"1","app_name":"asmapp"}]
[2020-03-08 11:17:50] [{"app_id":"2","app_name":"app2"},{"app_id":"1","app_name":"asmapp"}]
[2020-03-08 11:19:15] [{"app_id":"2","app_name":"app2"},{"app_id":"1","app_name":"asmapp"}]
[2020-03-08 11:24:33] []
[2020-03-08 11:28:38] [{"app_id":"2","app_name":"app2"},{"app_id":"1","app_name":"asmapp"}]
[2020-03-08 11:29:23] [{"app_id":"2","app_name":"app2"},{"app_id":"1","app_name":"asmapp"}]
[2020-03-08 11:37:33] [{"app_id":"2","app_name":"app2"},{"app_id":"1","app_name":"asmapp"}]
[2020-03-08 11:57:00] {"user_id":"1","session_id":"5e64cf7cf2885","user_rights":["changePassword","manageUsers","addUser","addApp","addRole"]}
[2020-03-08 12:05:00] {"app":""}
[2020-03-08 12:05:00] {"app":""}
[2020-03-08 12:05:00] {"queryString":"SELECT a.id as app_id FROM app a\r\n\t\t\tWHERE a.name=:app_name LIMIT 1"}
[2020-03-08 12:07:40] "Controller"
[2020-03-08 12:07:40] {"app":"aaa"}
[2020-03-08 12:07:40] {"app":"aaa"}
[2020-03-08 12:07:40] {"queryString":"SELECT a.id as app_id FROM app a\r\n\t\t\tWHERE a.name=:app_name LIMIT 1"}
[2020-03-08 12:07:45] "Controller"
[2020-03-08 12:07:45] {"app":"aaa"}
[2020-03-08 12:07:45] {"app":"aaa"}
[2020-03-08 12:30:24] [{"app_id":"4","app_name":"aaa"},{"app_id":"2","app_name":"app2"},{"app_id":"1","app_name":"asmapp"}]
[2020-03-08 12:32:54] [{"app_id":"4","app_name":"aaa"},{"app_id":"2","app_name":"app2"},{"app_id":"1","app_name":"asmapp"}]
[2020-03-08 12:35:30] [{"app_id":"4","app_name":"aaa"},{"app_id":"2","app_name":"app2"},{"app_id":"1","app_name":"asmapp"}]
[2020-03-08 12:36:08] [{"app_id":"4","app_name":"aaa"},{"app_id":"2","app_name":"app2"},{"app_id":"1","app_name":"asmapp"}]
[2020-03-08 12:36:46] [{"app_id":"4","app_name":"aaa"},{"app_id":"2","app_name":"app2"},{"app_id":"1","app_name":"asmapp"}]
[2020-03-08 12:38:02] [{"app_id":"4","app_name":"aaa"},{"app_id":"2","app_name":"app2"},{"app_id":"1","app_name":"asmapp"}]
[2020-03-08 12:38:03] [{"app_id":"4","app_name":"aaa"},{"app_id":"2","app_name":"app2"},{"app_id":"1","app_name":"asmapp"}]
[2020-03-08 12:39:15] [{"app_id":"4","app_name":"aaa"},{"app_id":"2","app_name":"app2"},{"app_id":"1","app_name":"asmapp"}]
[2020-03-08 12:41:38] [{"app_id":"4","app_name":"aaa"},{"app_id":"2","app_name":"app2"},{"app_id":"1","app_name":"asmapp"}]
[2020-03-08 19:51:38] [{"app_id":"4","app_name":"aaa"},{"app_id":"2","app_name":"app2"},{"app_id":"1","app_name":"asmapp"}]
[2020-03-08 19:55:30] "index"
[2020-03-08 19:55:30] "api"
[2020-03-08 19:55:30] "controller"
[2020-03-08 19:55:30] "repository"
[2020-03-08 19:57:06] "index"
[2020-03-08 19:57:06] "api"
[2020-03-08 19:57:06] "controller"
[2020-03-08 19:57:06] "repository"
[2020-03-08 19:57:59] "index"
[2020-03-08 19:57:59] "api"
[2020-03-08 19:57:59] "controller"
[2020-03-08 19:57:59] "repository"
[2020-03-08 19:57:59] {"role_id":"4"}
[2020-03-08 19:58:33] "index"
[2020-03-08 19:58:33] "api"
[2020-03-08 19:58:33] "controller"
[2020-03-08 19:58:33] "repository"
[2020-03-08 19:58:33] {"role_id":"4"}
[2020-03-08 19:59:47] "index"
[2020-03-08 19:59:47] "api"
[2020-03-08 19:59:47] "controller"
[2020-03-08 19:59:47] "repository"
[2020-03-08 19:59:47] {"role_id":"4"}
[2020-03-08 19:59:47] 1
[2020-03-08 20:02:35] "index"
[2020-03-08 20:02:35] "api"
[2020-03-08 20:02:35] "controller"
[2020-03-08 20:02:35] "repository"
[2020-03-08 20:02:35] false
[2020-03-08 20:02:35] 0
[2020-03-08 20:54:37] {"REDIRECT_MIBDIRS":"C:\/xampp\/php\/extras\/mibs","REDIRECT_MYSQL_HOME":"\\xampp\\mysql\\bin","REDIRECT_OPENSSL_CONF":"C:\/xampp\/apache\/bin\/openssl.cnf","REDIRECT_PHP_PEAR_SYSCONF_DIR":"\\xampp\\php","REDIRECT_PHPRC":"\\xampp\\php","REDIRECT_TMP":"\\xampp\\tmp","REDIRECT_STATUS":"200","MIBDIRS":"C:\/xampp\/php\/extras\/mibs","MYSQL_HOME":"\\xampp\\mysql\\bin","OPENSSL_CONF":"C:\/xampp\/apache\/bin\/openssl.cnf","PHP_PEAR_SYSCONF_DIR":"\\xampp\\php","PHPRC":"\\xampp\\php","TMP":"\\xampp\\tmp","HTTP_HOST":"asmapp_api.com","HTTP_ACCEPT":"*\/*","CONTENT_LENGTH":"145","CONTENT_TYPE":"application\/json; boundary=------------------------bf2e8fbac5784dde","PATH":"C:\\Windows\\system32;C:\\Windows;C:\\Windows\\System32\\Wbem;C:\\Windows\\System32\\WindowsPowerShell\\v1.0\\;C:\\Program Files (x86)\\Sophos\\Sophos SSL VPN Client\\bin;C:\\cygwin64\\bin\\;C:\\xampp\\mysql\\bin","SystemRoot":"C:\\Windows","COMSPEC":"C:\\Windows\\system32\\cmd.exe","PATHEXT":".COM;.EXE;.BAT;.CMD;.VBS;.VBE;.JS;.JSE;.WSF;.WSH;.MSC","WINDIR":"C:\\Windows","SERVER_SIGNATURE":"<address>Apache\/2.4.37 (Win32) OpenSSL\/1.1.1 PHP\/7.2.12 Server at asmapp_api.com Port 80<\/address>\n","SERVER_SOFTWARE":"Apache\/2.4.37 (Win32) OpenSSL\/1.1.1 PHP\/7.2.12","SERVER_NAME":"asmapp_api.com","SERVER_ADDR":"192.168.100.2","SERVER_PORT":"80","REMOTE_ADDR":"192.168.100.2","DOCUMENT_ROOT":"C:\/xampp\/htdocs\/asmapp_api","REQUEST_SCHEME":"http","CONTEXT_PREFIX":"","CONTEXT_DOCUMENT_ROOT":"C:\/xampp\/htdocs\/asmapp_api","SERVER_ADMIN":"webmaster@host.example.com","SCRIPT_FILENAME":"C:\/xampp\/htdocs\/asmapp_api\/index.php","REMOTE_PORT":"52584","REDIRECT_URL":"\/login","GATEWAY_INTERFACE":"CGI\/1.1","SERVER_PROTOCOL":"HTTP\/1.1","REQUEST_METHOD":"POST","QUERY_STRING":"","REQUEST_URI":"\/login","SCRIPT_NAME":"\/index.php","PHP_SELF":"\/index.php","PHP_AUTH_USER":"emma.rus93@gmail.com","PHP_AUTH_PW":"aaa","REQUEST_TIME_FLOAT":1583697277.415,"REQUEST_TIME":1583697277}
[2020-03-08 21:50:16] {"REDIRECT_MIBDIRS":"C:\/xampp\/php\/extras\/mibs","REDIRECT_MYSQL_HOME":"\\xampp\\mysql\\bin","REDIRECT_OPENSSL_CONF":"C:\/xampp\/apache\/bin\/openssl.cnf","REDIRECT_PHP_PEAR_SYSCONF_DIR":"\\xampp\\php","REDIRECT_PHPRC":"\\xampp\\php","REDIRECT_TMP":"\\xampp\\tmp","REDIRECT_STATUS":"200","MIBDIRS":"C:\/xampp\/php\/extras\/mibs","MYSQL_HOME":"\\xampp\\mysql\\bin","OPENSSL_CONF":"C:\/xampp\/apache\/bin\/openssl.cnf","PHP_PEAR_SYSCONF_DIR":"\\xampp\\php","PHPRC":"\\xampp\\php","TMP":"\\xampp\\tmp","HTTP_HOST":"asmapp_api.com","HTTP_ACCEPT":"*\/*","CONTENT_LENGTH":"145","CONTENT_TYPE":"application\/json; boundary=------------------------efd7a5b517e7b881","PATH":"C:\\Windows\\system32;C:\\Windows;C:\\Windows\\System32\\Wbem;C:\\Windows\\System32\\WindowsPowerShell\\v1.0\\;C:\\Program Files (x86)\\Sophos\\Sophos SSL VPN Client\\bin;C:\\cygwin64\\bin\\;C:\\xampp\\mysql\\bin","SystemRoot":"C:\\Windows","COMSPEC":"C:\\Windows\\system32\\cmd.exe","PATHEXT":".COM;.EXE;.BAT;.CMD;.VBS;.VBE;.JS;.JSE;.WSF;.WSH;.MSC","WINDIR":"C:\\Windows","SERVER_SIGNATURE":"<address>Apache\/2.4.37 (Win32) OpenSSL\/1.1.1 PHP\/7.2.12 Server at asmapp_api.com Port 80<\/address>\n","SERVER_SOFTWARE":"Apache\/2.4.37 (Win32) OpenSSL\/1.1.1 PHP\/7.2.12","SERVER_NAME":"asmapp_api.com","SERVER_ADDR":"192.168.1.6","SERVER_PORT":"80","REMOTE_ADDR":"192.168.1.6","DOCUMENT_ROOT":"C:\/xampp\/htdocs\/asmapp_api","REQUEST_SCHEME":"http","CONTEXT_PREFIX":"","CONTEXT_DOCUMENT_ROOT":"C:\/xampp\/htdocs\/asmapp_api","SERVER_ADMIN":"webmaster@host.example.com","SCRIPT_FILENAME":"C:\/xampp\/htdocs\/asmapp_api\/index.php","REMOTE_PORT":"61505","REDIRECT_URL":"\/login","GATEWAY_INTERFACE":"CGI\/1.1","SERVER_PROTOCOL":"HTTP\/1.1","REQUEST_METHOD":"POST","QUERY_STRING":"","REQUEST_URI":"\/login","SCRIPT_NAME":"\/index.php","PHP_SELF":"\/index.php","PHP_AUTH_USER":"emma.rus93@gmail.com","PHP_AUTH_PW":"aaa","REQUEST_TIME_FLOAT":1583700616.642,"REQUEST_TIME":1583700616}
[2020-03-08 21:52:03] {"REDIRECT_MIBDIRS":"C:\/xampp\/php\/extras\/mibs","REDIRECT_MYSQL_HOME":"\\xampp\\mysql\\bin","REDIRECT_OPENSSL_CONF":"C:\/xampp\/apache\/bin\/openssl.cnf","REDIRECT_PHP_PEAR_SYSCONF_DIR":"\\xampp\\php","REDIRECT_PHPRC":"\\xampp\\php","REDIRECT_TMP":"\\xampp\\tmp","REDIRECT_STATUS":"200","MIBDIRS":"C:\/xampp\/php\/extras\/mibs","MYSQL_HOME":"\\xampp\\mysql\\bin","OPENSSL_CONF":"C:\/xampp\/apache\/bin\/openssl.cnf","PHP_PEAR_SYSCONF_DIR":"\\xampp\\php","PHPRC":"\\xampp\\php","TMP":"\\xampp\\tmp","HTTP_HOST":"asmapp_api.com","HTTP_ACCEPT":"*\/*","CONTENT_LENGTH":"145","CONTENT_TYPE":"application\/json; boundary=------------------------99bdf35361241568","PATH":"C:\\Windows\\system32;C:\\Windows;C:\\Windows\\System32\\Wbem;C:\\Windows\\System32\\WindowsPowerShell\\v1.0\\;C:\\Program Files (x86)\\Sophos\\Sophos SSL VPN Client\\bin;C:\\cygwin64\\bin\\;C:\\xampp\\mysql\\bin","SystemRoot":"C:\\Windows","COMSPEC":"C:\\Windows\\system32\\cmd.exe","PATHEXT":".COM;.EXE;.BAT;.CMD;.VBS;.VBE;.JS;.JSE;.WSF;.WSH;.MSC","WINDIR":"C:\\Windows","SERVER_SIGNATURE":"<address>Apache\/2.4.37 (Win32) OpenSSL\/1.1.1 PHP\/7.2.12 Server at asmapp_api.com Port 80<\/address>\n","SERVER_SOFTWARE":"Apache\/2.4.37 (Win32) OpenSSL\/1.1.1 PHP\/7.2.12","SERVER_NAME":"asmapp_api.com","SERVER_ADDR":"192.168.1.6","SERVER_PORT":"80","REMOTE_ADDR":"192.168.1.6","DOCUMENT_ROOT":"C:\/xampp\/htdocs\/asmapp_api","REQUEST_SCHEME":"http","CONTEXT_PREFIX":"","CONTEXT_DOCUMENT_ROOT":"C:\/xampp\/htdocs\/asmapp_api","SERVER_ADMIN":"webmaster@host.example.com","SCRIPT_FILENAME":"C:\/xampp\/htdocs\/asmapp_api\/index.php","REMOTE_PORT":"61933","REDIRECT_URL":"\/login","GATEWAY_INTERFACE":"CGI\/1.1","SERVER_PROTOCOL":"HTTP\/1.1","REQUEST_METHOD":"POST","QUERY_STRING":"","REQUEST_URI":"\/login","SCRIPT_NAME":"\/index.php","PHP_SELF":"\/index.php","PHP_AUTH_USER":"emma.rus93@gmail.com","PHP_AUTH_PW":"aaa","REQUEST_TIME_FLOAT":1583700723.334,"REQUEST_TIME":1583700723}
[2020-03-08 21:53:21] []
[2020-03-08 21:54:11] []
[2020-03-08 21:58:24] []
[2020-03-08 22:00:23] []
[2020-03-08 22:06:46] []
[2020-03-08 22:08:05] {"app":"asmapp"}
[2020-03-08 22:08:06] {"user_id":"1","session_id":"5e655eb6104de","user_rights":["changePassword","manageUsers","addUser","addApp","addRole"]}
[2020-03-08 22:08:33] {"app":"asmapp"}
[2020-03-08 22:08:33] {"user_id":"1","session_id":"5e655ed1b30b4","user_rights":["changePassword","manageUsers","addUser","addApp","addRole"]}
[2020-03-08 22:10:00] {"user_id":"1","session_id":"5e655f28eee52","user_rights":["changePassword","manageUsers","addUser","addApp","addRole"]}
[2020-03-08 22:10:00] {"user_id":"1","session_id":"5e655f28eee52","user_rights":["changePassword","manageUsers","addUser","addApp","addRole"]}
[2020-03-08 22:10:54] {"user_id":"1","session_id":"5e655f5ecc23a","user_rights":["changePassword","manageUsers","addUser","addApp","addRole"]}
[2020-03-08 22:10:54] {"user_id":"1","session_id":"5e655f5ecc23a","user_rights":["changePassword","manageUsers","addUser","addApp","addRole"]}
[2020-03-08 22:16:33] {"errors":["Unsuccessful login!"]}
[2020-03-08 22:22:33] {"errors":["Unsuccessful login!"]}
[2020-03-08 22:24:51] {"id":"1","role_id":"2"}
[2020-03-08 22:24:51] {"user_id":"1","session_id":"5e6562a387128","user_rights":["changePassword","manageUsers","addUser","addApp","addRole"]}
[2020-03-08 22:24:51] {"user_id":"1","session_id":"5e6562a387128","user_rights":["changePassword","manageUsers","addUser","addApp","addRole"]}
[2020-03-08 22:26:58] {"id":"1","role_id":"2"}
[2020-03-08 22:26:58] {"user_id":"1","session_id":"5e6563228c3af","user_rights":["changePassword","manageUsers","addUser","addApp","addRole"]}
[2020-03-08 22:26:58] {"user_id":"1","session_id":"5e6563228c3af","user_rights":["changePassword","manageUsers","addUser","addApp","addRole"]}
[2020-03-08 22:27:45] {"errors":["Unsuccessful login!"]}
[2020-03-08 22:29:06] []
[2020-03-08 22:29:06] {"errors":["Unsuccessful login!"]}
[2020-03-08 22:34:02] null
[2020-03-08 22:34:02] {"errors":["Unsuccessful login!"]}
[2020-03-08 22:36:02] {"errors":["Unsuccessful login!"]}
[2020-03-08 22:36:59] {"username":"emma.rus93@gmail.com","password":"aaa"}
[2020-03-08 22:36:59] {"errors":["Unsuccessful login!"]}
[2020-03-08 22:38:17] {"username":"emma.rus93@gmail.com","password":"aaa"}
[2020-03-08 22:38:17] {"errors":["Unsuccessful login!"]}
[2020-03-08 22:39:35] {"app":"asmapp","username":"emma.rus93@gmail.com","password":"aaa"}
[2020-03-08 22:39:35] {"id":"1","role_id":"2"}
[2020-03-08 22:39:35] {"user_id":"1","session_id":"5e65661731737","user_rights":["changePassword","manageUsers","addUser","addApp","addRole"]}
[2020-03-08 22:39:35] {"user_id":"1","session_id":"5e65661731737","user_rights":["changePassword","manageUsers","addUser","addApp","addRole"]}
[2020-03-08 22:40:02] {"app":"asmapp","username":"emma.rus93@gmail.com","password":"aaa"}
[2020-03-08 22:40:02] {"id":"1","role_id":"2"}
[2020-03-08 22:40:02] {"user_id":"1","session_id":"5e65663233f7f","user_rights":["changePassword","manageUsers","addUser","addApp","addRole"]}
[2020-03-08 22:40:02] {"user_id":"1","session_id":"5e65663233f7f","user_rights":["changePassword","manageUsers","addUser","addApp","addRole"]}
[2020-03-08 22:46:13] {"app":"asmapp","username":"emma.rus93@gmail.com","password":"aaa"}
[2020-03-08 22:46:13] {"id":"1","role_id":"2"}
[2020-03-08 22:46:13] {"user_id":"1","session_id":"5e6567a566d1d","user_rights":["changePassword","manageUsers","addUser","addApp","addRole"]}
[2020-03-08 22:46:13] {"user_id":"1","session_id":"5e6567a566d1d","user_rights":["changePassword","manageUsers","addUser","addApp","addRole"]}
[2020-03-08 22:51:33] {"app":"asmapp","username":"emma.rus93@gmail.com","password":"aaa"}
[2020-03-08 22:51:33] {"id":"1","role_id":"2"}
[2020-03-08 22:51:33] {"user_id":"1","session_id":"5e6568e581340","user_rights":["changePassword","manageUsers","addUser","addApp","addRole"]}
[2020-03-08 22:51:33] {"user_id":"1","session_id":"5e6568e581340","user_rights":["changePassword","manageUsers","addUser","addApp","addRole"]}
[2020-03-08 22:56:33] {"app":"asmapp","username":"emma.rus93@gmail.com","password":"aaa"}
[2020-03-08 22:56:33] {"id":"1","role_id":"2"}
[2020-03-08 22:56:33] {"user_id":"1","session_id":"5e656a1110100","user_rights":["changePassword","manageUsers","addUser","addApp","addRole"]}
[2020-03-08 22:56:33] {"user_id":"1","session_id":"5e656a1110100","user_rights":["changePassword","manageUsers","addUser","addApp","addRole"]}
[2020-03-08 22:58:38] {"app":"asmapp","username":"emma.rus93@gmail.com","password":"aaa"}
[2020-03-08 22:58:38] {"id":"1","role_id":"2"}
[2020-03-08 22:58:38] {"user_id":"1","session_id":"5e656a8e0c6c1","user_rights":["changePassword","manageUsers","addUser","addApp","addRole"]}
[2020-03-08 22:58:38] {"user_id":"1","session_id":"5e656a8e0c6c1","user_rights":["changePassword","manageUsers","addUser","addApp","addRole"]}
[2020-03-08 23:03:40] {"app":"asmapp","username":"emma.rus93@gmail.com","password":"aaa"}
[2020-03-08 23:03:40] {"id":"1","role_id":"2"}
[2020-03-08 23:03:40] {"user_id":"1","session_id":"5e656bbc881f1","user_rights":["changePassword","manageUsers","addUser","addApp","addRole"]}
[2020-03-08 23:03:40] {"user_id":"1","session_id":"5e656bbc881f1","user_rights":["changePassword","manageUsers","addUser","addApp","addRole"]}
[2020-03-08 23:07:01] {"app":"asmapp","username":"emma.rus93@gmail.com","password":"aaa"}
[2020-03-08 23:07:01] {"id":"1","role_id":"2"}
[2020-03-08 23:07:01] {"user_id":"1","session_id":"5e656c852ceed","user_rights":["changePassword","manageUsers","addUser","addApp","addRole"]}
[2020-03-08 23:07:01] {"user_id":"1","session_id":"5e656c852ceed","user_rights":["changePassword","manageUsers","addUser","addApp","addRole"]}
[2020-03-08 23:13:30] {"app":"asmapp","username":"emma.rus93@gmail.com","password":"aaa"}
[2020-03-08 23:13:30] {"id":"1","role_id":"2"}
[2020-03-08 23:13:30] {"user_id":"1","session_id":"5e656e0a9e8b2","user_rights":["changePassword","manageUsers","addUser","addApp","addRole"]}
[2020-03-08 23:13:30] {"user_id":"1","session_id":"5e656e0a9e8b2","user_rights":["changePassword","manageUsers","addUser","addApp","addRole"]}
[2020-03-08 23:15:02] {"username":"emma.rus93@gmail.com","password":"aaa"}
[2020-03-08 23:15:02] {"errors":["Unsuccessful login!"]}
[2020-03-08 23:17:20] []
[2020-03-08 23:17:20] {"username":"emma.rus93@gmail.com","password":"aaa"}
[2020-03-08 23:17:20] {"errors":["Unsuccessful login!"]}
[2020-03-08 23:18:21] []
[2020-03-08 23:18:21] null
[2020-03-08 23:18:21] {"username":"emma.rus93@gmail.com","password":"aaa"}
[2020-03-08 23:18:21] {"errors":["Unsuccessful login!"]}
[2020-03-08 23:19:21] {"id":"1","role_id":"2"}
[2020-03-08 23:19:21] {"user_id":"1","session_id":"5e656f69121f1","user_rights":["changePassword","manageUsers","addUser","addApp","addRole"]}
[2020-03-09 07:15:25] {"user_id":null,"session_id":"5e65defd8a81f","user_rights":[]}
[2020-03-09 07:19:06] {"user_id":null,"session_id":"5e65dfdad32a8","user_rights":[]}
[2020-03-09 07:20:41] {"id":"1","role_id":"2"}
[2020-03-09 07:20:41] {"user_id":null,"session_id":"5e65e039e844f","user_rights":[]}
[2020-03-09 07:22:26] "aaa"
[2020-03-09 07:22:26] {"id":"1","role_id":"2"}
[2020-03-09 07:22:26] {"user_id":null,"session_id":"5e65e0a275ad8","user_rights":[]}
[2020-03-09 07:24:05] {"user_id":null,"session_id":"5e65e1055d5cf","user_rights":[]}
[2020-03-09 07:29:05] {"user":{"id":"1","role_id":"2"},"session_id":"5e65e23181e54"}
[2020-03-09 07:29:05] {"user_id":null,"session_id":"5e65e23181e54","user_rights":["changePassword","manageUsers","addUser","addApp","addRole"]}
[2020-03-09 07:32:29] {"id":"1","role_id":"2"}
[2020-03-09 07:32:29] {"user":{"id":"1","role_id":"2"},"session_id":"5e65e2fd32187"}
[2020-03-09 07:32:29] {"user_id":null,"session_id":"5e65e2fd32187","user_rights":["changePassword","manageUsers","addUser","addApp","addRole"]}
[2020-03-09 07:33:59] {"user_id":"1","session_id":"5e65e3577c3ec","user_rights":["changePassword","manageUsers","addUser","addApp","addRole"]}
[2020-03-09 07:48:17] {"user_id":"1","session_id":"5e65e6b0e5ac1","user_rights":["changePassword","manageUsers","addUser","addApp","addRole"]}
[2020-03-09 07:58:06] {"user_id":"1","session_id":"1_5e65e8fe7fa3e","user_rights":["changePassword","manageUsers","addUser","addApp","addRole"]}
[2020-03-09 07:59:07] {"user_id":"1","session_id":"1-5e65e93b56c6b","user_rights":["changePassword","manageUsers","addUser","addApp","addRole"]}
[2020-03-09 08:14:21] {"user_id":"1","session_id":"1-5e65eccd9c604","user_rights":["changePassword","manageUsers","addUser","addApp","addRole"]}
[2020-03-09 08:34:26] "20"
[2020-03-09 08:44:05] "29"
[2020-03-09 08:44:11] "29"
[2020-03-09 08:44:55] "30"
[2020-03-09 08:46:55] {"user_id":"1","session_id":"1-5e65f46fd0e37","user_rights":["changePassword","manageUsers","addUser","addApp","addRole"]}
[2020-03-09 08:46:56] "0"
[2020-03-09 08:52:42] "5"
[2020-03-09 08:53:48] "6"
[2020-03-09 08:54:04] {"user_id":"1","session_id":"1-5e65f61c5eb27","user_rights":["changePassword","manageUsers","addUser","addApp","addRole"]}
[2020-03-09 08:54:04] "59"
[2020-03-09 08:56:14] {"user_id":"1","session_id":"1-5e65f69e5ebc2","user_rights":["changePassword","manageUsers","addUser","addApp","addRole"]}
[2020-03-09 08:56:14] "59"
[2020-03-09 08:57:53] {"user_id":"1","session_id":"1-5e65f70138284","user_rights":["changePassword","manageUsers","addUser","addApp","addRole"]}
[2020-03-09 08:58:09] {"user_id":"1","session_id":"1-5e65f711c8ad1","user_rights":["changePassword","manageUsers","addUser","addApp","addRole"]}
[2020-03-09 08:58:10] "0"
[2020-03-09 08:59:32] {"user_id":"1","session_id":"1-5e65f7648a7ae","user_rights":["changePassword","manageUsers","addUser","addApp","addRole"]}
[2020-03-09 08:59:33] "0"
[2020-03-09 09:00:37] {"user_id":"1","session_id":"1-5e65f7a5a1660","user_rights":["changePassword","manageUsers","addUser","addApp","addRole"]}
[2020-03-09 09:00:38] "0"
[2020-03-09 09:00:47] {"user_id":"1","session_id":"1-5e65f7aeebbf4","user_rights":["changePassword","manageUsers","addUser","addApp","addRole"]}
[2020-03-09 09:00:47] "0"
[2020-03-09 09:01:44] {"user_id":"1","session_id":"1-5e65f7e886543","user_rights":["changePassword","manageUsers","addUser","addApp","addRole"]}
[2020-03-09 09:01:45] "0"
[2020-03-09 09:01:50] "0"
[2020-03-09 09:02:01] {"user_id":"1","session_id":"1-5e65f7f99e0b0","user_rights":["changePassword","manageUsers","addUser","addApp","addRole"]}
[2020-03-09 09:02:02] "0"
[2020-03-09 09:02:16] "0"
[2020-03-09 09:02:19] "0"
[2020-03-09 09:02:27] "0"
[2020-03-09 09:05:33] "3"
[2020-03-09 09:06:28] "4"
[2020-03-09 09:06:28] "3"
[2020-03-09 09:14:02] {"user_id":"1","session_id":"1-5e65facad2238","user_rights":["changePassword","manageUsers","addUser","addApp","addRole"]}
[2020-03-09 09:14:03] "0"
[2020-03-09 09:14:03] "3"
[2020-03-09 09:15:35] "1"
[2020-03-09 09:15:35] "3"
[2020-03-09 09:18:14] "4"
[2020-03-09 09:18:14] "3"
